\BOOKMARK [1][-]{section.1}{\376\377\213\272\145\207\152\041\127\213\173\200\116\313}{}% 1
\BOOKMARK [2][-]{subsection.1.1}{\376\377\120\117\131\175\213\276\133\232}{section.1}% 2
\BOOKMARK [2][-]{subsection.1.2}{\376\377\165\037\116\247\213\276\133\232}{section.1}% 3
\BOOKMARK [2][-]{subsection.1.3}{\376\377\117\341\215\067\136\002\127\072\213\276\133\232}{section.1}% 4
\BOOKMARK [2][-]{subsection.1.4}{\376\377\116\052\117\123\225\356\230\230\166\204\220\022\137\122\137\142\137\017}{section.1}% 5
\BOOKMARK [2][-]{subsection.1.5}{\376\377\172\336\116\211\127\107\210\141}{section.1}% 6
\BOOKMARK [1][-]{section.2}{\376\377\213\272\145\207\131\015\163\260\173\054\116\000\226\066\153\265\377\032\123\125\220\350\225\350\152\041\127\213}{}% 7
\BOOKMARK [2][-]{subsection.2.1}{\376\377\127\372\170\100\152\041\127\213\377\032\145\340\126\372\133\232\142\020\147\054\060\001\221\321\207\215\136\002\127\072\133\214\131\007}{section.2}% 8
\BOOKMARK [3][-]{subsubsection.2.1.1}{\376\377\133\374\121\145\123\005}{subsection.2.1}% 9
\BOOKMARK [3][-]{subsubsection.2.1.2}{\376\377\123\302\145\160\213\276\177\156}{subsection.2.1}% 10
\BOOKMARK [3][-]{subsubsection.2.1.3}{\376\377\226\217\147\072\140\047\136\372\152\041}{subsection.2.1}% 11
\BOOKMARK [3][-]{subsubsection.2.1.4}{\376\377\133\232\116\111\127\372\170\100\121\375\145\160}{subsection.2.1}% 12
\BOOKMARK [3][-]{subsubsection.2.1.5}{\376\377\135\345\116\272\166\204\220\022\137\122}{subsection.2.1}% 13
\BOOKMARK [3][-]{subsubsection.2.1.6}{\376\377\122\033\116\032\200\005\166\204\220\022\137\122}{subsection.2.1}% 14
\BOOKMARK [3][-]{subsubsection.2.1.7}{\376\377\200\114\116\032\220\011\142\351\377\032\135\345\116\272\217\330\146\057\122\033\116\032\377\037\116\052\117\123\225\356\230\230\166\204\147\000\117\030\123\026}{subsection.2.1}% 15
\BOOKMARK [3][-]{subsubsection.2.1.8}{\376\377\172\063\133\232\122\006\136\003\166\204\154\102\211\343}{subsection.2.1}% 16
\BOOKMARK [3][-]{subsubsection.2.1.9}{\376\377\154\102\211\343\136\002\127\072\117\233\154\102}{subsection.2.1}% 17
\BOOKMARK [3][-]{subsubsection.2.1.10}{\376\377\165\073\126\376\377\014\170\156\133\232\127\107\210\141\116\367\150\074\203\003\126\364}{subsection.2.1}% 18
\BOOKMARK [3][-]{subsubsection.2.1.11}{\376\377\135\114\131\127\116\214\122\006\154\325\144\034\175\042\127\107\210\141\116\367\150\074\000\050\000w\000,\000r\000\051}{subsection.2.1}% 19
\BOOKMARK [3][-]{subsubsection.2.1.12}{\376\377\150\300\232\214\377\032\122\066\220\040\124\301\136\002\127\072\121\372\156\005\140\305\121\265}{subsection.2.1}% 20
\BOOKMARK [2][-]{subsection.2.2}{\376\377\142\323\134\125\377\032\137\025\121\145\126\372\133\232\142\020\147\054}{section.2}% 21
\BOOKMARK [3][-]{subsubsection.2.2.1}{\376\377\127\107\210\141\176\323\147\234}{subsection.2.2}% 22
\BOOKMARK [3][-]{subsubsection.2.2.2}{\376\377\150\300\232\214\377\032\122\066\220\040\124\301\136\002\127\072\121\372\156\005\140\305\121\265}{subsection.2.2}% 23
\BOOKMARK [2][-]{subsection.2.3}{\376\377\142\323\134\125\377\032\137\025\121\145\126\372\133\232\142\020\147\054\060\001\116\015\133\214\131\007\221\321\207\215\136\002\127\072}{section.2}% 24
\BOOKMARK [3][-]{subsubsection.2.3.1}{\376\377\122\033\116\032\200\005\221\315\145\260\136\372\152\041}{subsection.2.3}% 25
\BOOKMARK [3][-]{subsubsection.2.3.2}{\376\377\116\052\117\123\213\276\133\232}{subsection.2.3}% 26
\BOOKMARK [3][-]{subsubsection.2.3.3}{\376\377\127\107\210\141\176\323\147\234}{subsection.2.3}% 27
\BOOKMARK [3][-]{subsubsection.2.3.4}{\376\377\150\300\232\214\377\032\122\066\220\040\124\301\136\002\127\072\121\372\156\005\140\305\121\265}{subsection.2.3}% 28
\BOOKMARK [1][-]{section.3}{\376\377\213\272\145\207\131\015\163\260\173\054\116\214\226\066\153\265\377\032\116\044\220\350\225\350\152\041\127\213}{}% 29
\BOOKMARK [2][-]{subsection.3.1}{\376\377\116\052\117\123\213\276\133\232}{section.3}% 30
\BOOKMARK [2][-]{subsection.3.2}{\376\377\217\355\116\343\173\227\154\325\140\035\215\357}{section.3}% 31
\BOOKMARK [2][-]{subsection.3.3}{\376\377\154\102\211\343\136\002\127\072\117\233\154\102}{section.3}% 32
\BOOKMARK [3][-]{subsubsection.3.3.1}{\376\377\154\102\211\343\127\107\210\141}{subsection.3.3}% 33
\BOOKMARK [2][-]{subsection.3.4}{\376\377\127\107\210\141\176\323\147\234}{section.3}% 34
\BOOKMARK [2][-]{subsection.3.5}{\376\377\150\300\232\214\000:\122\066\220\040\124\301\136\002\127\072\121\372\156\005\140\305\121\265}{section.3}% 35
