\BOOKMARK [1][-]{section.1}{\376\377\176\277\140\047\215\113\203\003\172\172\225\364}{}% 1
\BOOKMARK [2][-]{subsection.1.1}{\376\377\167\345\213\306\160\271\220\037\211\310}{section.1}% 2
\BOOKMARK [3][-]{subsubsection.1.1.1}{\376\377\136\246\221\317\172\172\225\364\060\001\215\113\203\003\176\277\140\047\172\172\225\364\060\001\121\205\171\357\172\172\225\364}{subsection.1.1}% 3
\BOOKMARK [3][-]{subsubsection.1.1.2}{\376\377\000R\116\012\133\214\131\007\140\047\133\232\164\006\127\050\136\246\221\317\172\172\225\364\166\204\143\250\136\177}{subsection.1.1}% 4
\BOOKMARK [3][-]{subsubsection.1.1.3}{\376\377\127\372\116\216\146\040\134\004\166\204\124\014\147\204\060\001\173\111\116\367}{subsection.1.1}% 5
\BOOKMARK [3][-]{subsubsection.1.1.4}{\376\377\172\040\133\306\116\016\176\262\377\032\145\340\226\120\176\364\133\214\131\007\176\277\140\047\215\113\203\003\172\172\225\364\166\204\176\364\145\160\146\057\116\015\123\357\145\160\166\204}{subsection.1.1}% 6
\BOOKMARK [3][-]{subsubsection.1.1.5}{\376\377\215\160\124\021\145\340\226\120\176\364\377\032\145\340\134\075\166\204\221\317\123\330\147\000\176\310\137\025\215\167\215\050\123\330}{subsection.1.1}% 7
\BOOKMARK [2][-]{subsection.1.2}{\376\377\116\140\230\230\000\050\131\107\145\160\230\230\000\051}{section.1}% 8
\BOOKMARK [1][-]{section.2}{\376\377\172\172\225\364\000B\000\050\000X\000,\000Y\000\051\116\016\000X\000*}{}% 9
\BOOKMARK [2][-]{subsection.2.1}{\376\377\167\345\213\306\160\271\220\037\211\310}{section.2}% 10
\BOOKMARK [3][-]{subsubsection.2.1.1}{\376\377\147\011\165\114\176\277\140\047\173\227\133\120\000T\166\204\121\340\116\052\173\111\116\367\147\141\116\366}{subsection.2.1}% 11
\BOOKMARK [3][-]{subsubsection.2.1.2}{\376\377\172\172\225\364\000B\000\050\000X\000,\000Y\000\051\000,\000X\000*}{subsection.2.1}% 12
\BOOKMARK [3][-]{subsubsection.2.1.3}{\376\377\154\333\121\375\126\333\131\047\133\232\164\006}{subsection.2.1}% 13
\BOOKMARK [3][-]{subsubsection.2.1.4}{\376\377\000H\000a\000h\000n\000-\000B\000a\000n\000a\000c\000h\133\232\164\006\166\204\142\323\134\125}{subsection.2.1}% 14
\BOOKMARK [2][-]{subsection.2.2}{\376\377\116\140\230\230\000\050\120\166\145\160\230\230\000\051}{section.2}% 15
\BOOKMARK [1][-]{section.3}{\376\377\121\161\217\155\172\172\225\364\116\016\121\161\217\155\173\227\133\120}{}% 16
\BOOKMARK [2][-]{subsection.3.1}{\376\377\167\345\213\306\160\271\220\037\211\310}{section.3}% 17
\BOOKMARK [3][-]{subsubsection.3.1.1}{\376\377\121\161\217\155\172\172\225\364\166\204\117\213\133\120}{subsection.3.1}% 18
\BOOKMARK [3][-]{subsubsection.3.1.2}{\376\377\121\161\217\155\166\204\131\015\124\010\377\032\121\161\217\155\172\172\225\364\116\012\154\333\121\375\000\040\000\046\000\040\201\352\161\066\135\114\121\145\173\227\133\120}{subsection.3.1}% 19
\BOOKMARK [3][-]{subsubsection.3.1.3}{\376\377\000w\145\066\145\133\000/\147\011\165\114\000/\136\217\122\027\225\355\000/\136\217\122\027\175\047\000/\136\217\122\027\133\214\131\007\377\033\000w\000*\145\066\145\133}{subsection.3.1}% 20
\BOOKMARK [3][-]{subsubsection.3.1.4}{\376\377\121\161\217\155\173\227\133\120}{subsection.3.1}% 21
\BOOKMARK [3][-]{subsubsection.3.1.5}{\376\377\175\047\173\227\133\120\060\001\147\011\226\120\171\351\173\227\133\120}{subsection.3.1}% 22
\BOOKMARK [2][-]{subsection.3.2}{\376\377\116\140\230\230}{section.3}% 23
\BOOKMARK [1][-]{section.4}{\376\377\000H\000i\000l\000b\000e\000r\000t\172\172\225\364\166\204\121\340\117\125\133\146}{}% 24
\BOOKMARK [2][-]{subsection.4.1}{\376\377\167\345\213\306\160\271\220\037\211\310}{section.4}% 25
\BOOKMARK [3][-]{subsubsection.4.1.1}{\376\377\153\143\116\244\226\306\060\001\153\143\116\244\127\372}{subsection.4.1}% 26
\BOOKMARK [3][-]{subsubsection.4.1.2}{\376\377\000H\000i\000l\000b\000e\000r\000t\172\172\225\364\166\204\176\323\147\204}{subsection.4.1}% 27
\BOOKMARK [3][-]{subsubsection.4.1.3}{\376\377\121\205\171\357\172\172\225\364\116\055\166\204\160\271\127\050\176\277\140\047\133\120\172\172\225\364\000/\121\370\133\120\226\306\116\012\166\204\142\225\137\161}{subsection.4.1}% 28
\BOOKMARK [3][-]{subsubsection.4.1.4}{\376\377\000H\000i\000l\000b\000e\000r\000t\172\172\225\364\116\055\166\204\142\225\137\161\173\227\133\120}{subsection.4.1}% 29
\BOOKMARK [3][-]{subsubsection.4.1.5}{\376\377\000H\000i\000l\000b\000e\000r\000t\172\172\225\364\116\055\166\204\117\064\226\217\173\227\133\120\124\214\201\352\117\064\173\227\133\120}{subsection.4.1}% 30
\BOOKMARK [3][-]{subsubsection.4.1.6}{\376\377\000H\000i\000l\000b\000e\000r\000t\172\172\225\364\000H\166\204\121\161\217\155\172\172\225\364\377\032\000R\000i\000e\000s\000z\210\150\171\072\133\232\164\006}{subsection.4.1}% 31
\BOOKMARK [3][-]{subsubsection.4.1.7}{\376\377\116\000\000\267\116\224\176\277\140\047\154\333\121\375\000\050\136\177\116\111\121\205\171\357\000\051\166\204\210\150\163\260}{subsection.4.1}% 32
\BOOKMARK [3][-]{subsubsection.4.1.8}{\376\377\000H\000i\000l\000b\000e\000r\000t\172\172\225\364\116\012\121\340\116\052\162\171\153\212\166\204\173\227\133\120\377\032\221\111\173\227\133\120\060\001\153\143\211\304\173\227\133\120}{subsection.4.1}% 33
\BOOKMARK [2][-]{subsection.4.2}{\376\377\116\140\230\230\000\050\120\166\145\160\230\230\000\051}{section.4}% 34
